<?xml version="1.0" encoding="UTF-8" ?>
<testsuite tests="2" failures="0" name="test.LoginTest" time="35.348" errors="2" skipped="0">
  <properties>
[...]
</properties>
  <testcase classname="test.LoginTest" name="invalidUsersShouldBeAbleToLogIn" time="18.903">
    <error message="session not created
from chrome not reachable
  (Session info: chrome=77.0.3865.90)
Build info: version: &apos;3.14.0&apos;, revision: &apos;aacccce0&apos;, time: &apos;2018-08-02T20:19:58.91Z&apos;
System info: host: &apos;TASNIM-LAPTOP&apos;, ip: &apos;192.168.1.107&apos;, os.name: &apos;Windows 10&apos;, os.arch: &apos;amd64&apos;, os.version: &apos;10.0&apos;, java.version: &apos;1.8.0_66&apos;
Driver info: driver.version: ChromeDriver
remote stacktrace: Backtrace:
	Ordinal0 [0x00C5EB13+1501971]
	Ordinal0 [0x00BDF6D1+980689]
	Ordinal0 [0x00B67508+488712]
	Ordinal0 [0x00B6131A+463642]
	Ordinal0 [0x00B619C8+465352]
	Ordinal0 [0x00B62AA5+469669]
	Ordinal0 [0x00B5EC85+453765]
	Ordinal0 [0x00B68330+492336]
	Ordinal0 [0x00B1A108+172296]
	Ordinal0 [0x00B1942D+169005]
	Ordinal0 [0x00B178EB+162027]
	Ordinal0 [0x00B00AC7+68295]
	Ordinal0 [0x00B01B40+72512]
	Ordinal0 [0x00B01AD9+72409]
	Ordinal0 [0x00BF8F37+1085239]
	GetHandleVerifier [0x00CFD7ED+503293]
	GetHandleVerifier [0x00CFD580+502672]
	GetHandleVerifier [0x00D046AC+531644]
	GetHandleVerifier [0x00CFDFFA+505354]
	Ordinal0 [0x00BF0606+1050118]
	Ordinal0 [0x00BF047F+1049727]
	Ordinal0 [0x00BFAF9B+1093531]
	Ordinal0 [0x00BFB103+1093891]
	Ordinal0 [0x00BFA095+1089685]
	BaseThreadInitThunk [0x74EF6359+25]
	RtlGetAppContainerNamedObjectPath [0x77697B74+228]
	RtlGetAppContainerNamedObjectPath [0x77697B44+180]
" type="org.openqa.selenium.SessionNotCreatedException">org.openqa.selenium.SessionNotCreatedException: session not created
from chrome not reachable
  (Session info: chrome=77.0.3865.90)
Build info: version: &apos;3.14.0&apos;, revision: &apos;aacccce0&apos;, time: &apos;2018-08-02T20:19:58.91Z&apos;
System info: host: &apos;TASNIM-LAPTOP&apos;, ip: &apos;192.168.1.107&apos;, os.name: &apos;Windows 10&apos;, os.arch: &apos;amd64&apos;, os.version: &apos;10.0&apos;, java.version: &apos;1.8.0_66&apos;
Driver info: driver.version: ChromeDriver
remote stacktrace: Backtrace:
	Ordinal0 [0x00C5EB13+1501971]
	Ordinal0 [0x00BDF6D1+980689]
	Ordinal0 [0x00B67508+488712]
	Ordinal0 [0x00B6131A+463642]
	Ordinal0 [0x00B619C8+465352]
	Ordinal0 [0x00B62AA5+469669]
	Ordinal0 [0x00B5EC85+453765]
	Ordinal0 [0x00B68330+492336]
	Ordinal0 [0x00B1A108+172296]
	Ordinal0 [0x00B1942D+169005]
	Ordinal0 [0x00B178EB+162027]
	Ordinal0 [0x00B00AC7+68295]
	Ordinal0 [0x00B01B40+72512]
	Ordinal0 [0x00B01AD9+72409]
	Ordinal0 [0x00BF8F37+1085239]
	GetHandleVerifier [0x00CFD7ED+503293]
	GetHandleVerifier [0x00CFD580+502672]
	GetHandleVerifier [0x00D046AC+531644]
	GetHandleVerifier [0x00CFDFFA+505354]
	Ordinal0 [0x00BF0606+1050118]
	Ordinal0 [0x00BF047F+1049727]
	Ordinal0 [0x00BFAF9B+1093531]
	Ordinal0 [0x00BFB103+1093891]
	Ordinal0 [0x00BFA095+1089685]
	BaseThreadInitThunk [0x74EF6359+25]
	RtlGetAppContainerNamedObjectPath [0x77697B74+228]
	RtlGetAppContainerNamedObjectPath [0x77697B44+180]

	at sun.reflect.NativeConstructorAccessorImpl.newInstance0(Native Method)
	at sun.reflect.NativeConstructorAccessorImpl.newInstance(NativeConstructorAccessorImpl.java:62)
	at sun.reflect.DelegatingConstructorAccessorImpl.newInstance(DelegatingConstructorAccessorImpl.java:45)
	at java.lang.reflect.Constructor.newInstance(Constructor.java:422)
	at org.openqa.selenium.remote.W3CHandshakeResponse.lambda$new$0(W3CHandshakeResponse.java:57)
	at org.openqa.selenium.remote.W3CHandshakeResponse.lambda$getResponseFunction$2(W3CHandshakeResponse.java:104)
	at org.openqa.selenium.remote.ProtocolHandshake.lambda$createSession$0(ProtocolHandshake.java:122)
	at java.util.stream.ReferencePipeline$3$1.accept(ReferencePipeline.java:193)
	at java.util.Spliterators$ArraySpliterator.tryAdvance(Spliterators.java:958)
	at java.util.stream.ReferencePipeline.forEachWithCancel(ReferencePipeline.java:126)
	at java.util.stream.AbstractPipeline.copyIntoWithCancel(AbstractPipeline.java:498)
	at java.util.stream.AbstractPipeline.copyInto(AbstractPipeline.java:485)
	at java.util.stream.AbstractPipeline.wrapAndCopyInto(AbstractPipeline.java:471)
	at java.util.stream.FindOps$FindOp.evaluateSequential(FindOps.java:152)
	at java.util.stream.AbstractPipeline.evaluate(AbstractPipeline.java:234)
	at java.util.stream.ReferencePipeline.findFirst(ReferencePipeline.java:464)
	at org.openqa.selenium.remote.ProtocolHandshake.createSession(ProtocolHandshake.java:125)
	at org.openqa.selenium.remote.ProtocolHandshake.createSession(ProtocolHandshake.java:73)
	at org.openqa.selenium.remote.HttpCommandExecutor.execute(HttpCommandExecutor.java:136)
	at org.openqa.selenium.remote.service.DriverCommandExecutor.execute(DriverCommandExecutor.java:83)
	at org.openqa.selenium.remote.RemoteWebDriver.execute(RemoteWebDriver.java:548)
	at org.openqa.selenium.remote.RemoteWebDriver.startSession(RemoteWebDriver.java:212)
	at org.openqa.selenium.remote.RemoteWebDriver.&lt;init&gt;(RemoteWebDriver.java:130)
	at org.openqa.selenium.chrome.ChromeDriver.&lt;init&gt;(ChromeDriver.java:181)
	at org.openqa.selenium.chrome.ChromeDriver.&lt;init&gt;(ChromeDriver.java:168)
	at org.openqa.selenium.chrome.ChromeDriver.&lt;init&gt;(ChromeDriver.java:123)
	at test.LoginTest.invalidUsersShouldBeAbleToLogIn(LoginTest.java:37)
	at sun.reflect.NativeMethodAccessorImpl.invoke0(Native Method)
	at sun.reflect.NativeMethodAccessorImpl.invoke(NativeMethodAccessorImpl.java:62)
	at sun.reflect.DelegatingMethodAccessorImpl.invoke(DelegatingMethodAccessorImpl.java:43)
	at java.lang.reflect.Method.invoke(Method.java:497)
	at org.junit.runners.model.FrameworkMethod$1.runReflectiveCall(FrameworkMethod.java:45)
	at org.junit.internal.runners.model.ReflectiveCallable.run(ReflectiveCallable.java:15)
	at org.junit.runners.model.FrameworkMethod.invokeExplosively(FrameworkMethod.java:42)
	at org.junit.internal.runners.statements.InvokeMethod.evaluate(InvokeMethod.java:20)
	at org.junit.runners.ParentRunner.runLeaf(ParentRunner.java:263)
	at org.junit.runners.BlockJUnit4ClassRunner.runChild(BlockJUnit4ClassRunner.java:68)
	at org.junit.runners.BlockJUnit4ClassRunner.runChild(BlockJUnit4ClassRunner.java:47)
	at org.junit.runners.ParentRunner$3.run(ParentRunner.java:231)
	at org.junit.runners.ParentRunner$1.schedule(ParentRunner.java:60)
	at org.junit.runners.ParentRunner.runChildren(ParentRunner.java:229)
	at org.junit.runners.ParentRunner.access$000(ParentRunner.java:50)
	at org.junit.runners.ParentRunner$2.evaluate(ParentRunner.java:222)
	at org.junit.runners.ParentRunner.run(ParentRunner.java:300)
	at org.apache.maven.surefire.junit4.JUnit4Provider.execute(JUnit4Provider.java:252)
	at org.apache.maven.surefire.junit4.JUnit4Provider.executeTestSet(JUnit4Provider.java:141)
	at org.apache.maven.surefire.junit4.JUnit4Provider.invoke(JUnit4Provider.java:112)
	at sun.reflect.NativeMethodAccessorImpl.invoke0(Native Method)
	at sun.reflect.NativeMethodAccessorImpl.invoke(NativeMethodAccessorImpl.java:62)
	at sun.reflect.DelegatingMethodAccessorImpl.invoke(DelegatingMethodAccessorImpl.java:43)
	at java.lang.reflect.Method.invoke(Method.java:497)
	at org.apache.maven.surefire.util.ReflectionUtils.invokeMethodWithArray(ReflectionUtils.java:189)
	at org.apache.maven.surefire.booter.ProviderFactory$ProviderProxy.invoke(ProviderFactory.java:165)
	at org.apache.maven.surefire.booter.ProviderFactory.invokeProvider(ProviderFactory.java:85)
	at org.apache.maven.surefire.booter.ForkedBooter.runSuitesInProcess(ForkedBooter.java:115)
	at org.apache.maven.surefire.booter.ForkedBooter.main(ForkedBooter.java:75)
</error>
    <system-err>Starting ChromeDriver 77.0.3865.40 (f484704e052e0b556f8030b65b953dce96503217-refs/branch-heads/3865@{#442}) on port 40206
Only local connections are allowed.
Please protect ports used by ChromeDriver and related test frameworks to prevent access by malicious code.
[1569734143.342][WARNING]: Timed out connecting to Chrome, retrying...
[1569734147.343][WARNING]: Timed out connecting to Chrome, retrying...
</system-err>
  </testcase>
  <testcase classname="test.LoginTest" name="validUsersShouldBeAbleToLogIn" time="16.445">
    <error message="session not created
from chrome not reachable
  (Session info: chrome=77.0.3865.90)
Build info: version: &apos;3.14.0&apos;, revision: &apos;aacccce0&apos;, time: &apos;2018-08-02T20:19:58.91Z&apos;
System info: host: &apos;TASNIM-LAPTOP&apos;, ip: &apos;192.168.1.107&apos;, os.name: &apos;Windows 10&apos;, os.arch: &apos;amd64&apos;, os.version: &apos;10.0&apos;, java.version: &apos;1.8.0_66&apos;
Driver info: driver.version: ChromeDriver
remote stacktrace: Backtrace:
	Ordinal0 [0x00C5EB13+1501971]
	Ordinal0 [0x00BDF6D1+980689]
	Ordinal0 [0x00B67508+488712]
	Ordinal0 [0x00B6131A+463642]
	Ordinal0 [0x00B619C8+465352]
	Ordinal0 [0x00B62AA5+469669]
	Ordinal0 [0x00B5EC85+453765]
	Ordinal0 [0x00B68330+492336]
	Ordinal0 [0x00B1A108+172296]
	Ordinal0 [0x00B1942D+169005]
	Ordinal0 [0x00B178EB+162027]
	Ordinal0 [0x00B00AC7+68295]
	Ordinal0 [0x00B01B40+72512]
	Ordinal0 [0x00B01AD9+72409]
	Ordinal0 [0x00BF8F37+1085239]
	GetHandleVerifier [0x00CFD7ED+503293]
	GetHandleVerifier [0x00CFD580+502672]
	GetHandleVerifier [0x00D046AC+531644]
	GetHandleVerifier [0x00CFDFFA+505354]
	Ordinal0 [0x00BF0606+1050118]
	Ordinal0 [0x00BF047F+1049727]
	Ordinal0 [0x00BFAF9B+1093531]
	Ordinal0 [0x00BFB103+1093891]
	Ordinal0 [0x00BFA095+1089685]
	BaseThreadInitThunk [0x74EF6359+25]
	RtlGetAppContainerNamedObjectPath [0x77697B74+228]
	RtlGetAppContainerNamedObjectPath [0x77697B44+180]
" type="org.openqa.selenium.SessionNotCreatedException">org.openqa.selenium.SessionNotCreatedException: session not created
from chrome not reachable
  (Session info: chrome=77.0.3865.90)
Build info: version: &apos;3.14.0&apos;, revision: &apos;aacccce0&apos;, time: &apos;2018-08-02T20:19:58.91Z&apos;
System info: host: &apos;TASNIM-LAPTOP&apos;, ip: &apos;192.168.1.107&apos;, os.name: &apos;Windows 10&apos;, os.arch: &apos;amd64&apos;, os.version: &apos;10.0&apos;, java.version: &apos;1.8.0_66&apos;
Driver info: driver.version: ChromeDriver
remote stacktrace: Backtrace:
	Ordinal0 [0x00C5EB13+1501971]
	Ordinal0 [0x00BDF6D1+980689]
	Ordinal0 [0x00B67508+488712]
	Ordinal0 [0x00B6131A+463642]
	Ordinal0 [0x00B619C8+465352]
	Ordinal0 [0x00B62AA5+469669]
	Ordinal0 [0x00B5EC85+453765]
	Ordinal0 [0x00B68330+492336]
	Ordinal0 [0x00B1A108+172296]
	Ordinal0 [0x00B1942D+169005]
	Ordinal0 [0x00B178EB+162027]
	Ordinal0 [0x00B00AC7+68295]
	Ordinal0 [0x00B01B40+72512]
	Ordinal0 [0x00B01AD9+72409]
	Ordinal0 [0x00BF8F37+1085239]
	GetHandleVerifier [0x00CFD7ED+503293]
	GetHandleVerifier [0x00CFD580+502672]
	GetHandleVerifier [0x00D046AC+531644]
	GetHandleVerifier [0x00CFDFFA+505354]
	Ordinal0 [0x00BF0606+1050118]
	Ordinal0 [0x00BF047F+1049727]
	Ordinal0 [0x00BFAF9B+1093531]
	Ordinal0 [0x00BFB103+1093891]
	Ordinal0 [0x00BFA095+1089685]
	BaseThreadInitThunk [0x74EF6359+25]
	RtlGetAppContainerNamedObjectPath [0x77697B74+228]
	RtlGetAppContainerNamedObjectPath [0x77697B44+180]

	at sun.reflect.NativeConstructorAccessorImpl.newInstance0(Native Method)
	at sun.reflect.NativeConstructorAccessorImpl.newInstance(NativeConstructorAccessorImpl.java:62)
	at sun.reflect.DelegatingConstructorAccessorImpl.newInstance(DelegatingConstructorAccessorImpl.java:45)
	at java.lang.reflect.Constructor.newInstance(Constructor.java:422)
	at org.openqa.selenium.remote.W3CHandshakeResponse.lambda$new$0(W3CHandshakeResponse.java:57)
	at org.openqa.selenium.remote.W3CHandshakeResponse.lambda$getResponseFunction$2(W3CHandshakeResponse.java:104)
	at org.openqa.selenium.remote.ProtocolHandshake.lambda$createSession$0(ProtocolHandshake.java:122)
	at java.util.stream.ReferencePipeline$3$1.accept(ReferencePipeline.java:193)
	at java.util.Spliterators$ArraySpliterator.tryAdvance(Spliterators.java:958)
	at java.util.stream.ReferencePipeline.forEachWithCancel(ReferencePipeline.java:126)
	at java.util.stream.AbstractPipeline.copyIntoWithCancel(AbstractPipeline.java:498)
	at java.util.stream.AbstractPipeline.copyInto(AbstractPipeline.java:485)
	at java.util.stream.AbstractPipeline.wrapAndCopyInto(AbstractPipeline.java:471)
	at java.util.stream.FindOps$FindOp.evaluateSequential(FindOps.java:152)
	at java.util.stream.AbstractPipeline.evaluate(AbstractPipeline.java:234)
	at java.util.stream.ReferencePipeline.findFirst(ReferencePipeline.java:464)
	at org.openqa.selenium.remote.ProtocolHandshake.createSession(ProtocolHandshake.java:125)
	at org.openqa.selenium.remote.ProtocolHandshake.createSession(ProtocolHandshake.java:73)
	at org.openqa.selenium.remote.HttpCommandExecutor.execute(HttpCommandExecutor.java:136)
	at org.openqa.selenium.remote.service.DriverCommandExecutor.execute(DriverCommandExecutor.java:83)
	at org.openqa.selenium.remote.RemoteWebDriver.execute(RemoteWebDriver.java:548)
	at org.openqa.selenium.remote.RemoteWebDriver.startSession(RemoteWebDriver.java:212)
	at org.openqa.selenium.remote.RemoteWebDriver.&lt;init&gt;(RemoteWebDriver.java:130)
	at org.openqa.selenium.chrome.ChromeDriver.&lt;init&gt;(ChromeDriver.java:181)
	at org.openqa.selenium.chrome.ChromeDriver.&lt;init&gt;(ChromeDriver.java:168)
	at org.openqa.selenium.chrome.ChromeDriver.&lt;init&gt;(ChromeDriver.java:123)
	at test.LoginTest.validUsersShouldBeAbleToLogIn(LoginTest.java:16)
	at sun.reflect.NativeMethodAccessorImpl.invoke0(Native Method)
	at sun.reflect.NativeMethodAccessorImpl.invoke(NativeMethodAccessorImpl.java:62)
	at sun.reflect.DelegatingMethodAccessorImpl.invoke(DelegatingMethodAccessorImpl.java:43)
	at java.lang.reflect.Method.invoke(Method.java:497)
	at org.junit.runners.model.FrameworkMethod$1.runReflectiveCall(FrameworkMethod.java:45)
	at org.junit.internal.runners.model.ReflectiveCallable.run(ReflectiveCallable.java:15)
	at org.junit.runners.model.FrameworkMethod.invokeExplosively(FrameworkMethod.java:42)
	at org.junit.internal.runners.statements.InvokeMethod.evaluate(InvokeMethod.java:20)
	at org.junit.runners.ParentRunner.runLeaf(ParentRunner.java:263)
	at org.junit.runners.BlockJUnit4ClassRunner.runChild(BlockJUnit4ClassRunner.java:68)
	at org.junit.runners.BlockJUnit4ClassRunner.runChild(BlockJUnit4ClassRunner.java:47)
	at org.junit.runners.ParentRunner$3.run(ParentRunner.java:231)
	at org.junit.runners.ParentRunner$1.schedule(ParentRunner.java:60)
	at org.junit.runners.ParentRunner.runChildren(ParentRunner.java:229)
	at org.junit.runners.ParentRunner.access$000(ParentRunner.java:50)
	at org.junit.runners.ParentRunner$2.evaluate(ParentRunner.java:222)
	at org.junit.runners.ParentRunner.run(ParentRunner.java:300)
	at org.apache.maven.surefire.junit4.JUnit4Provider.execute(JUnit4Provider.java:252)
	at org.apache.maven.surefire.junit4.JUnit4Provider.executeTestSet(JUnit4Provider.java:141)
	at org.apache.maven.surefire.junit4.JUnit4Provider.invoke(JUnit4Provider.java:112)
	at sun.reflect.NativeMethodAccessorImpl.invoke0(Native Method)
	at sun.reflect.NativeMethodAccessorImpl.invoke(NativeMethodAccessorImpl.java:62)
	at sun.reflect.DelegatingMethodAccessorImpl.invoke(DelegatingMethodAccessorImpl.java:43)
	at java.lang.reflect.Method.invoke(Method.java:497)
	at org.apache.maven.surefire.util.ReflectionUtils.invokeMethodWithArray(ReflectionUtils.java:189)
	at org.apache.maven.surefire.booter.ProviderFactory$ProviderProxy.invoke(ProviderFactory.java:165)
	at org.apache.maven.surefire.booter.ProviderFactory.invokeProvider(ProviderFactory.java:85)
	at org.apache.maven.surefire.booter.ForkedBooter.runSuitesInProcess(ForkedBooter.java:115)
	at org.apache.maven.surefire.booter.ForkedBooter.main(ForkedBooter.java:75)
</error>
    <system-err>Starting ChromeDriver 77.0.3865.40 (f484704e052e0b556f8030b65b953dce96503217-refs/branch-heads/3865@{#442}) on port 14426
Only local connections are allowed.
Please protect ports used by ChromeDriver and related test frameworks to prevent access by malicious code.
[1569734159.955][WARNING]: Timed out connecting to Chrome, retrying...
[1569734163.956][WARNING]: Timed out connecting to Chrome, retrying...
</system-err>
  </testcase>
</testsuite>